<?xml version="1.0" encoding="UTF-8"?>
<!-- Generated by org.testng.reporters.JUnitReportReporter -->
<testsuite hostname="DESKTOP-1L1HD6G" failures="0" tests="1" name="seleium.Testng_demo" time="0.007" errors="0" timestamp="2024-02-27T12:56:07 IST" skipped="0">
  <testcase classname="seleium.Testng_demo" name="m1" time="0.007"/>
</testsuite> <!-- seleium.Testng_demo -->
